<?xml version="1.0" encoding="UTF-8"?>
<!-- Generated by org.testng.reporters.JUnitReportReporter -->
<testsuite hostname="Yura-PC" name="com.finkurs.testcases.EurRateTestCase" tests="1" failures="0" timestamp="15 Mar 2015 16:28:02 GMT" time="33.335" errors="0">
  <testcase name="EurVerificationPage" time="33.335" classname="com.finkurs.testcases.EurRateTestCase"/>
</testsuite> <!-- com.finkurs.testcases.EurRateTestCase -->
