<?xml version="1.0" encoding="UTF-8"?>
<!-- Generated by org.testng.reporters.JUnitReportReporter -->
<testsuite hostname="Yura-PC" name="com.gmail.testcases.EurPercentageTest" tests="1" failures="0" timestamp="14 Mar 2015 16:51:42 GMT" time="37.326" errors="0">
  <testcase name="EurVereficationPage" time="37.326" classname="com.gmail.testcases.EurPercentageTest"/>
</testsuite> <!-- com.gmail.testcases.EurPercentageTest -->
