<?xml version="1.0" encoding="UTF-8"?>
<!-- Generated by org.testng.reporters.JUnitReportReporter -->
<testsuite hostname="Yura-PC" name="com.finkurs.testcases.UsdRateTestCase" tests="1" failures="0" timestamp="15 Mar 2015 16:28:02 GMT" time="41.684" errors="0">
  <testcase name="UsdVerificationPage" time="41.684" classname="com.finkurs.testcases.UsdRateTestCase"/>
</testsuite> <!-- com.finkurs.testcases.UsdRateTestCase -->
