<?xml version="1.0" encoding="UTF-8"?>
<!-- Generated by org.testng.reporters.JUnitReportReporter -->
<testsuite hostname="Mac-Pro-Yurii.local" name="com.gmail.testcases.LoginMoteveTest$LoginPageTestSuite" tests="1" failures="0" timestamp="18 Sep 2015 14:39:54 GMT" time="19.483" errors="0">
  <testcase name="loginMoteve" time="19.483" classname="com.gmail.testcases.LoginMoteveTest$LoginPageTestSuite"/>
</testsuite> <!-- com.gmail.testcases.LoginMoteveTest$LoginPageTestSuite -->
