<?xml version="1.0" encoding="UTF-8"?>
<!-- Generated by org.testng.reporters.JUnitReportReporter -->
<testsuite hostname="Yura-PC" name="com.gmail.testcases.UsdPercentageTestSuite" tests="1" failures="0" timestamp="14 Mar 2015 16:51:42 GMT" time="48.238" errors="0">
  <testcase name="UsdVereficationPage" time="48.238" classname="com.gmail.testcases.UsdPercentageTestSuite"/>
</testsuite> <!-- com.gmail.testcases.UsdPercentageTestSuite -->
