<?xml version="1.0" encoding="UTF-8"?>
<!-- Generated by org.testng.reporters.JUnitReportReporter -->
<testsuite hostname="Mac-Pro-Yurii.local" name="com.gmail.testcases.AccountPageTestSuite" tests="1" failures="0" timestamp="29 Sep 2015 11:41:28 GMT" time="12.510" errors="0">
  <testcase name="openUserPage" time="12.510" classname="com.gmail.testcases.AccountPageTestSuite"/>
</testsuite> <!-- com.gmail.testcases.AccountPageTestSuite -->
