<?xml version="1.0" encoding="UTF-8"?>
<!-- Generated by org.testng.reporters.JUnitReportReporter -->
<testsuite hostname="Mac-Pro-Yurii.local" name="com.gmail.testcases.HomePageTestSuite" tests="1" failures="0" timestamp="29 Sep 2015 11:41:28 GMT" time="5.426" errors="0">
  <testcase name="openHomePage" time="5.426" classname="com.gmail.testcases.HomePageTestSuite"/>
</testsuite> <!-- com.gmail.testcases.HomePageTestSuite -->
